<?xml version="1.0" encoding="UTF-8"?>
<!-- Generated by org.testng.reporters.JUnitReportReporter -->
<testsuite hostname="IN1-1021285LTT" failures="0" tests="1" name="APITests" time="72.307" errors="0" timestamp="2022-08-07T21:03:41 IST" skipped="0">
  <testcase classname="APITests" name="test1" time="72.307"/>
  <system-out/>
</testsuite> <!-- APITests -->
